# Activity Log

## Run Summary
- 2026-01-28 18:19:53 | run=20260128-181700-31948 | iter=5 | mode=build | story=STORY-005 | duration=34s | status=success
- 2026-01-28 18:19:17 | run=20260128-181700-31948 | iter=4 | mode=build | story=STORY-004 | duration=37s | status=success
- 2026-01-28 18:18:38 | run=20260128-181700-31948 | iter=3 | mode=build | story=STORY-003 | duration=26s | status=success
- 2026-01-28 18:18:10 | run=20260128-181700-31948 | iter=2 | mode=build | story=STORY-002 | duration=31s | status=success
- 2026-01-28 18:17:36 | run=20260128-181700-31948 | iter=1 | mode=build | story=STORY-001 | duration=36s | status=success
- 2026-01-28 16:36:04 | run=20260128-163455-24682 | iter=2 | mode=build | story=US-004 | duration=28s | status=success
- 2026-01-28 16:35:33 | run=20260128-163455-24682 | iter=1 | mode=build | story=US-003 | duration=38s | status=success
- 2026-01-28 16:21:46 | run=20260128-161926-23748 | iter=4 | mode=build | story=US-004 | duration=36s | status=success
- 2026-01-28 16:21:08 | run=20260128-161926-23748 | iter=3 | mode=build | story=US-003 | duration=31s | status=success
- 2026-01-28 16:20:35 | run=20260128-161926-23748 | iter=2 | mode=build | story=US-002 | duration=34s | status=success
- 2026-01-28 16:19:59 | run=20260128-161926-23748 | iter=1 | mode=build | story=US-001 | duration=33s | status=success
- 2026-01-28 13:52:38 | run=20260128-134915-14572 | iter=5 | mode=build | story=US-005 | duration=29s | status=success
- 2026-01-28 13:52:07 | run=20260128-134915-14572 | iter=4 | mode=build | story=US-004 | duration=36s | status=success
- 2026-01-28 13:51:28 | run=20260128-134915-14572 | iter=3 | mode=build | story=US-003 | duration=31s | status=success
- 2026-01-28 13:50:55 | run=20260128-134915-14572 | iter=2 | mode=build | story=US-002 | duration=31s | status=success
- 2026-01-28 13:50:22 | run=20260128-134915-14572 | iter=1 | mode=build | story=US-001 | duration=67s | status=success
- 2026-01-28 13:06:21 | run=20260128-130520-11031 | iter=2 | mode=build | story=US-002 | duration=28s | status=success
- 2026-01-28 13:05:51 | run=20260128-130520-11031 | iter=1 | mode=build | story=US-001 | duration=31s | status=success

## Events

[2026-01-28 13:05:20] ITERATION 1 start (mode=build story=US-001)
[2026-01-28 13:05:51] ITERATION 1 end (duration=31s)
[2026-01-28 13:05:54] ITERATION 2 start (mode=build story=US-002)
[2026-01-28 13:06:21] ITERATION 2 end (duration=28s)
[2026-01-28 13:49:15] ITERATION 1 start (mode=build story=US-001)
[2026-01-28 13:50:22] ITERATION 1 end (duration=67s)
[2026-01-28 13:50:24] ITERATION 2 start (mode=build story=US-002)
[2026-01-28 13:50:55] ITERATION 2 end (duration=31s)
[2026-01-28 13:50:57] ITERATION 3 start (mode=build story=US-003)
[2026-01-28 13:51:28] ITERATION 3 end (duration=31s)
[2026-01-28 13:51:31] ITERATION 4 start (mode=build story=US-004)
[2026-01-28 13:52:07] ITERATION 4 end (duration=36s)
[2026-01-28 13:52:09] ITERATION 5 start (mode=build story=US-005)
[2026-01-28 13:52:38] ITERATION 5 end (duration=29s)
[2026-01-28 16:19:26] ITERATION 1 start (mode=build story=US-001)
[2026-01-28 16:19:59] ITERATION 1 end (duration=33s)
[2026-01-28 16:20:02] ITERATION 2 start (mode=build story=US-002)
[2026-01-28 16:20:35] ITERATION 2 end (duration=34s)
[2026-01-28 16:20:37] ITERATION 3 start (mode=build story=US-003)
[2026-01-28 16:21:08] ITERATION 3 end (duration=31s)
[2026-01-28 16:21:10] ITERATION 4 start (mode=build story=US-004)
[2026-01-28 16:21:46] ITERATION 4 end (duration=36s)
[2026-01-28 16:34:55] ITERATION 1 start (mode=build story=US-003)
[2026-01-28 16:35:33] ITERATION 1 end (duration=38s)
[2026-01-28 16:35:35] ITERATION 2 start (mode=build story=US-004)
[2026-01-28 16:36:03] ITERATION 2 end (duration=28s)
[2026-01-28 18:17:01] ITERATION 1 start (mode=build story=STORY-001)
[2026-01-28 18:17:36] ITERATION 1 end (duration=36s)
[2026-01-28 18:17:39] ITERATION 2 start (mode=build story=STORY-002)
[2026-01-28 18:18:10] ITERATION 2 end (duration=31s)
[2026-01-28 18:18:12] ITERATION 3 start (mode=build story=STORY-003)
[2026-01-28 18:18:38] ITERATION 3 end (duration=26s)
[2026-01-28 18:18:40] ITERATION 4 start (mode=build story=STORY-004)
[2026-01-28 18:19:17] ITERATION 4 end (duration=37s)
[2026-01-28 18:19:19] ITERATION 5 start (mode=build story=STORY-005)
[2026-01-28 18:19:53] ITERATION 5 end (duration=34s)
